make.exe all --print-data-base --no-builtin-variables --no-builtin-rules --question
# GNU Make 3.81
# Copyright (C) 2006  Free Software Foundation, Inc.
# This is free software; see the source for copying conditions.
# There is NO warranty; not even for MERCHANTABILITY or FITNESS FOR A
# PARTICULAR PURPOSE.

# This program built for i386-pc-mingw32
 

# Make data base, printed on Tue Jun 14 10:18:57 2022

# Variables

# automatic
<D = $(patsubst %/,%,$(dir $<))
# automatic
?F = $(notdir $?)
# makefile
MAKEFLAGS = Rrqp
# environment
VSCODE_LOG_NATIVE = false
# automatic
?D = $(patsubst %/,%,$(dir $?))
# automatic
@D = $(patsubst %/,%,$(dir $@))
# environment
HOMEDRIVE = C:
# automatic
@F = $(notdir $@)
# automatic
^D = $(patsubst %/,%,$(dir $^))
# makefile
CURDIR := c:/Users/Cliente/Desktop/ideas-project
# default
SHELL := sh.exe
# environment
WINDIR = C 
:\Windows
# environment
VSCODE_NLS_CONFIG = {"locale":"en","availableLanguages":{},"_languagePackSupport":true}
# environment
ONEDRIVE = C:\Users\Cliente\OneDrive
# environment
PATHEXT = .COM;.EXE;.BAT;.CMD;.VBS;.VBE;.JS;.JSE;.WSF;.WSH;.MSC
# makefile
MAKEFILE_LIST := 
# environment
FPS_BROWSER_USER_PROFILE_STRING = Default
# environment
TMP = C:\Users\Cliente\AppData\Local\Temp
# environment
VSCODE_VERBOSE_LOGGING = true
# environment
PROGRAMW6432 = C:\Program Files
# environment
PROGRAMDATA = C:\ProgramData
# environment
VSCODE_IPC_HOOK_EXTHOST = \\.\pipe\vscode-ipc-5914a43d-11cc-412f-8a20-5673b437643d-sock
# environment
VSCODE_CWD = C:\Users\Cliente\AppData\Local\Programs\Microsoft VS Code
# environment
PATH = C:\Program Files (x86)\Intel\Intel(R) Management Engine Components\iCLS\;C:\Program Files\Intel\Intel(R) Management Engine Components\iCLS\;C:\Windows\system32;C:\Windows;C:\Windows\System32\Wbem;C:\Windows\System32\WindowsPowerShell\v1.0\;C:\Windows\System32\OpenSSH\;c:\Program Files (x86)\Intel\Intel(R) Management Engine Components\DAL;c:\Program Files\Intel\Intel(R) Management Engine Components\DAL;c:\Program Files (x86)\Intel\Intel(R) Management Engine Components\IPT;c:\Program Files\Intel\Intel(R) Management Engine Components\IPT;C:\Program Files\Git\cmd;C:\Users\Cliente\.pyenv\pyenv-win\bin;C:\Users\Cliente\.pyenv\pyenv-win\shims;\Users\Cliente\.pyenv\pyenv-win;C:\.pyenv\pyenv-win\bin;\Users\Cliente\.pyenv\pyenv-win;C:\.pyenv\pyenv-win\shims;C:\Users\Cliente\AppData\Local\Programs\Microsoft VS Co 
de\bin;C:\Users\Cliente\AppData\Local\Microsoft\WindowsApps;C:\Users\Cliente\.poetry\bin;C:\Program Files (x86)\GnuWin32\bin;
# environment
COMMONPROGRAMW6432 = C:\Program Files\Common Files
# environment
ZES_ENABLE_SYSMAN = 1
# environment
PROCESSOR_ARCHITECTURE = x86
# environment
USERPROFILE = C:\Users\Cliente
# environment
ALLUSERSPROFILE = C:\ProgramData
# environment
VSCODE_LOG_STACK = false
# environment
NUMBER_OF_PROCESSORS = 4
# environment
ELECTRON_RUN_AS_NODE = 1
# environment
PYENV_ROOT = C:\Use 
rs\Cliente\.pyenv\pyenv-win\
# default
.FEATURES := target-specific order-only second-expansion else-if archives
# automatic
%F = $(notdir $%)
# environment
CHROME_CRASHPAD_PIPE_NAME = \\.\pipe\crashpad_4536_IEYBWSOIHGVOUZNC
# environment
VSCODE_PIPE_LOGGING = true
# environment
COMPUTERNAME = DESKTOP-FRNUVU7
# environment
PROGRAMFILES = C:\Program Files (x86)
# environment
DRIVERDATA = C:\Windows\System32\Drivers\DriverData
# environment
ORIGINAL_XDG_CURRENT_DESKTOP = undefined
# environment
USERNAME = Cli 
ente
# environment
PUBLIC = C:\Users\Public
# environment
VSCODE_AMD_ENTRYPOINT = vs/workbench/api/node/extensionHostProcess
# environment
VSCODE_CODE_CACHE_PATH = C:\Users\Cliente\AppData\Roaming\Code\CachedData\c3511e6c69bb39013c4a4b7b9566ec1ca73fc4d5
# environment
APPLICATION_INSIGHTS_NO_DIAGNOSTIC_CHANNEL = 1
# environment
COMMONPROGRAMFILES = C:\Program Files (x86)\Common Files
# environment
LOGONSERVER = \\DESKTOP-FRNUVU7
# environment
VSCODE_HANDLES_UNCAUGHT_ERRORS = true
# environment
USERDOMAIN = D 
ESKTOP-FRNUVU7
# default
MAKE = $(MAKE_COMMAND)
# default
MAKECMDGOALS := all
# default
MAKE_VERSION := 3.81
# makefile
.DEFAULT_GOAL := 
# environment
PROGRAMFILES(X86) = C:\Program Files (x86)
# automatic
%D = $(patsubst %/,%,$(dir $%))
# environment
LOCALAPPDATA = C:\Users\Cliente\AppData\Local
# environment
PSMODULEPATH = C:\Program Files\WindowsPowerShell\Modules;C:\Windows\system32\WindowsPowerShell\v1.0\Modules
# default
MAKE_COMMAND := make.exe
# environment
PROCESSOR_ARCHITEW6432 = AMD64
# default
 
.VARIABLES := 
# automatic
*F = $(notdir $*)
# environment
PROCESSOR_IDENTIFIER = Intel64 Family 6 Model 142 Stepping 9, GenuineIntel
# environment
OS = Windows_NT
# environment
VSCODE_IPC_HOOK = \\.\pipe\6213c5c841ec54c4ec8380a992e639f2-1.67.2-main-sock
# environment
HOMEPATH = \Users\Cliente
# environment
COMMONPROGRAMFILES(X86) = C:\Program Files (x86)\Common Files
# environment
PROMPT = $P$G
# environment
MFLAGS = -Rrqp
# automatic
*D = $(patsubst %/,%,$(dir $*))
# environment
SYSTEMROOT = C:\Windows
#  
automatic
+D = $(patsubst %/,%,$(dir $+))
# environment
PYENV = C:\Users\Cliente\.pyenv\pyenv-win\
# automatic
+F = $(notdir $+)
# environment
APPDATA = C:\Users\Cliente\AppData\Roaming
# environment
TEMP = C:\Users\Cliente\AppData\Local\Temp
# environment
COMSPEC = C:\Windows\system32\cmd.exe
# default
MAKEFILES := 
# automatic
<F = $(notdir $<)
# environment
LC_ALL = C
# environment
PYENV_HOME = C:\Users\Cliente\.pyenv\pyenv-win\
# automatic
^F = $(notdir $^)
# default
SUFFIXES := 
# environment
SYSTEMDRI 
VE = C:
# environment
SESSIONNAME = Console
# environment
PROCESSOR_REVISION = 8e09
# environment
MAKELEVEL := 0
# environment
LANG = C
# environment
PROCESSOR_LEVEL = 6
# environment
FPS_BROWSER_APP_PROFILE_STRING = Internet Explorer
# environment
VSCODE_PID = 4536
# environment
USERDOMAIN_ROAMINGPROFILE = DESKTOP-FRNUVU7
# variable set hash-table stats:
# Load=92/1024=9%, Rehash=0, Collisions=9/109=8%

# Pattern-specific Variable Values

# No pattern-specific variable values.

# Directories

# C:\.pyenv\p 
yenv-win\shims: could not be stat'd.
# C:\Program Files (x86)\Intel\Intel(R) Management Engine Components\iCLS\ (key C:/Program Files (x86)/Intel/Intel(R) Management Engine Components/iCLS/, mtime 1604453754): 8 files, no impossibilities.
# C:\Users\Cliente\.pyenv\pyenv-win\shims (key C:/Users/Cliente/.pyenv/pyenv-win/shims, mtime 1654277526): 12 files, no impossibilities.
# C:\Users\Cliente\.poetry\bin (key C:/Users/Cliente/.poetry/bin, mtime 1654200157): 4 files, no impossibilities.
# C:\.pyenv\pyenv-win\ 
bin: could not be stat'd.
# C:\Windows\System32\WindowsPowerShell\v1.0\ (key C:/Windows/System32/WindowsPowerShell/v1.0/, mtime 1603233199): 29 files, no impossibilities.
# C:\Windows\System32\Wbem (key C:/Windows/System32/Wbem, mtime 1649809565): 155 files, no impossibilities.
# . (key c:/Users/Cliente/Desktop/ideas-project, mtime 1655212737): 20 files, no impossibilities.
# C:\Users\Cliente\.pyenv\pyenv-win\bin (key C:/Users/Cliente/.pyenv/pyenv-win/bin, mtime 1654200199): 5 files, no impossibilities.
# C 
:\Users\Cliente\AppData\Local\Programs\Microsoft VS Code\bin (key C:/Users/Cliente/AppData/Local/Programs/Microsoft VS Code/bin, mtime 1654088286): 4 files, no impossibilities.
# c:\Program Files\Intel\Intel(R) Management Engine Components\IPT (key c:/Program Files/Intel/Intel(R) Management Engine Components/IPT, mtime 1604453736): 5 files, no impossibilities.
# C:\Windows\System32\OpenSSH\: could not be stat'd.
# c:\Program Files\Intel\Intel(R) Management Engine Components\DAL (key c:/Program Files/Intel/I 
ntel(R) Management Engine Components/DAL, mtime 1604453736): 4 files, no impossibilities.
# C:\Windows (key C:/Windows, mtime 1652368465): 111 files, no impossibilities.
# C:\Program Files\Intel\Intel(R) Management Engine Components\iCLS\ (key C:/Program Files/Intel/Intel(R) Management Engine Components/iCLS/, mtime 1604453752): 11 files, no impossibilities.
# C:\Users\Cliente\AppData\Local\Microsoft\WindowsApps (key C:/Users/Cliente/AppData/Local/Microsoft/WindowsApps, mtime 1655142316): 26 files, no impos 
sibilities.
# \Users\Cliente\.pyenv\pyenv-win (key c:/Users/Cliente/.pyenv/pyenv-win, mtime 1654201189): 11 files, no impossibilities.
# C:\Program Files\Git\cmd (key C:/Program Files/Git/cmd, mtime 1654200671): 8 files, no impossibilities.
# C:\Windows\system32 (key C:/Windows/system32, mtime 1655142549): 2818 files, no impossibilities.
# c:\Program Files (x86)\Intel\Intel(R) Management Engine Components\IPT (key c:/Program Files (x86)/Intel/Intel(R) Management Engine Components/IPT, mtime 1604453736): 6 f 
iles, no impossibilities.
# c:\Program Files (x86)\Intel\Intel(R) Management Engine Components\DAL (key c:/Program Files (x86)/Intel/Intel(R) Management Engine Components/DAL, mtime 1604453736): 10 files, no impossibilities.
# C:\Program Files (x86)\GnuWin32\bin (key C:/Program Files (x86)/GnuWin32/bin, mtime 1654201393): 5 files, no impossibilities.

# 3252 files, no impossibilities in 22 directories.

# Implicit Rules

# No implicit rules.

# Files

# Not a target:
all:
#  Command-line target.
#  Implicit 
 rule search has been done.
#  File does not exist.
#  File has not been updated.
# variable set hash-table stats:
# Load=0/32=0%, Rehash=0, Collisions=0/0=0%

# Not a target:
.DEFAULT:
#  Implicit rule search has not been done.
#  Modification time never checked.
#  File has not been updated.

# Not a target:
makefile:
#  A default, MAKEFILES, or -include/sinclude makefile.
#  Implicit rule search has been done.
#  File does not exist.
#  File has been updated.
#  Failed to be updated.
# variable set hash- 
table stats:
# Load=0/32=0%, Rehash=0, Collisions=0/0=0%

# Not a target:
.SUFFIXES:
#  Implicit rule search has not been done.
#  Modification time never checked.
#  File has not been updated.

# Not a target:
GNUmakefile:
#  A default, MAKEFILES, or -include/sinclude makefile.
#  Implicit rule search has been done.
#  File does not exist.
#  File has been updated.
#  Failed to be updated.
# variable set hash-table stats:
# Load=0/32=0%, Rehash=0, Collisions=0/0=0%

# files hash-table stats:
# Load=5/1024= 
0%, Rehash=0, Collisions=0/16=0%
# VPATH Search Paths

# No `vpath' search paths.

# No general (`VPATH' variable) search path.

# # of strings in strcache: 0
# # of strcache buffers: 0
# strcache size: total = 0 / max = 0 / min = 4096 / avg = 0
# strcache free: total = 0 / max = 0 / min = 4096 / avg = 0

# Finished Make data base on Tue Jun 14 10:18:57 2022

 
make.exe: *** No rule to make target `all'.  Stop.

